c:\dev\voxl-engine\voxl-engine\x64\debug\vc143.pdb
c:\dev\voxl-engine\voxl-engine\x64\debug\vc143.idb
c:\dev\voxl-engine\voxl-engine\x64\debug\worldstructure.obj
c:\dev\voxl-engine\voxl-engine\x64\debug\vbo.obj
c:\dev\voxl-engine\voxl-engine\x64\debug\vao.obj
c:\dev\voxl-engine\voxl-engine\x64\debug\tree.obj
c:\dev\voxl-engine\voxl-engine\x64\debug\texture.obj
c:\dev\voxl-engine\voxl-engine\x64\debug\stb.obj
c:\dev\voxl-engine\voxl-engine\x64\debug\shaderclass.obj
c:\dev\voxl-engine\voxl-engine\x64\debug\main.obj
c:\dev\voxl-engine\voxl-engine\x64\debug\imgui_widgets.obj
c:\dev\voxl-engine\voxl-engine\x64\debug\imgui_tables.obj
c:\dev\voxl-engine\voxl-engine\x64\debug\imgui_impl_opengl3.obj
c:\dev\voxl-engine\voxl-engine\x64\debug\imgui_impl_glfw.obj
c:\dev\voxl-engine\voxl-engine\x64\debug\imgui_draw.obj
c:\dev\voxl-engine\voxl-engine\x64\debug\imgui_demo.obj
c:\dev\voxl-engine\voxl-engine\x64\debug\imgui.obj
c:\dev\voxl-engine\voxl-engine\x64\debug\fbo.obj
c:\dev\voxl-engine\voxl-engine\x64\debug\ebo.obj
c:\dev\voxl-engine\voxl-engine\x64\debug\deltatime.obj
c:\dev\voxl-engine\voxl-engine\x64\debug\camera.obj
c:\dev\voxl-engine\voxl-engine\x64\debug\block.obj
c:\dev\voxl-engine\voxl-engine\x64\debug\glad.obj
c:\dev\voxl-engine\x64\debug\voxl-engine.exe
c:\dev\voxl-engine\x64\debug\voxl-engine.pdb
c:\dev\voxl-engine\voxl-engine\x64\debug\voxl-engine.ilk
c:\dev\voxl-engine\voxl-engine\x64\debug\voxl-engine.tlog\cl.command.1.tlog
c:\dev\voxl-engine\voxl-engine\x64\debug\voxl-engine.tlog\cl.items.tlog
c:\dev\voxl-engine\voxl-engine\x64\debug\voxl-engine.tlog\cl.read.1.tlog
c:\dev\voxl-engine\voxl-engine\x64\debug\voxl-engine.tlog\cl.write.1.tlog
c:\dev\voxl-engine\voxl-engine\x64\debug\voxl-engine.tlog\link.command.1.tlog
c:\dev\voxl-engine\voxl-engine\x64\debug\voxl-engine.tlog\link.read.1.tlog
c:\dev\voxl-engine\voxl-engine\x64\debug\voxl-engine.tlog\link.secondary.1.tlog
c:\dev\voxl-engine\voxl-engine\x64\debug\voxl-engine.tlog\link.write.1.tlog
