  Main.cpp
C:\dev\Voxl-Engine\Main.cpp(1,9): warning C4005: 'IMGUI_IMPL_OPENGL_LOADER_GLAD': macro redefinition
      C:\dev\Voxl-Engine\Main.cpp(1,9):
      'IMGUI_IMPL_OPENGL_LOADER_GLAD' previously declared on the command line
  
C:\Program Files (x86)\Windows Kits\10\Include\10.0.22621.0\shared\minwindef.h(130,9): warning C4005: 'APIENTRY': macro redefinition
  (compiling source file 'Main.cpp')
      C:\dev\Voxl-Engine\Libraries\include\glad\glad.h(32,9):
      see previous definition of 'APIENTRY'
  
C:\dev\Voxl-Engine\Libraries\Custom\UserInterface.h(47,14): warning C4091: 'static ': ignored on left of 'EngineUI::UI_TYPE' when no variable is declared
  (compiling source file 'Main.cpp')
  
C:\dev\Voxl-Engine\Libraries\Custom\UserInterface.h(56,16): warning C4091: 'static ': ignored on left of 'EngineUI::MenuBarData' when no variable is declared
  (compiling source file 'Main.cpp')
  
C:\dev\Voxl-Engine\Libraries\Custom\UserInterface.h(63,14): warning C4091: 'static ': ignored on left of 'EngineUI::iconType' when no variable is declared
  (compiling source file 'Main.cpp')
  
C:\dev\Voxl-Engine\Libraries\Custom\UserInterface.h(70,16): warning C4091: 'static ': ignored on left of 'EngineUI::buttonData' when no variable is declared
  (compiling source file 'Main.cpp')
  
C:\dev\Voxl-Engine\Libraries\Custom\Terrain.h(1,1): warning C4828: The file contains a character starting at offset 0x4ac that is illegal in the current source character set (codepage 65001).
  (compiling source file 'Main.cpp')
  
C:\dev\Voxl-Engine\Libraries\Custom\Terrain.h(1,1): warning C4828: The file contains a character starting at offset 0x4ca that is illegal in the current source character set (codepage 65001).
  (compiling source file 'Main.cpp')
  
C:\dev\Voxl-Engine\Libraries\Custom\Terrain.h(34,16): warning C4091: 'static ': ignored on left of 'Chunk::worldChunkData' when no variable is declared
  (compiling source file 'Main.cpp')
  
C:\dev\Voxl-Engine\Main.cpp(402,50): warning C4244: 'argument': conversion from 'int' to 'float', possible loss of data
C:\dev\Voxl-Engine\Main.cpp(417,77): warning C4244: 'argument': conversion from 'int' to 'float', possible loss of data
C:\dev\Voxl-Engine\Main.cpp(441,85): warning C4244: 'argument': conversion from 'int' to 'float', possible loss of data
C:\dev\Voxl-Engine\Main.cpp(462,86): warning C4244: 'argument': conversion from 'int' to 'float', possible loss of data
C:\dev\Voxl-Engine\Main.cpp(474,78): warning C4244: 'argument': conversion from 'int' to 'float', possible loss of data
C:\dev\Voxl-Engine\Main.cpp(474,108): warning C4244: 'argument': conversion from 'int' to 'float', possible loss of data
C:\dev\Voxl-Engine\Main.cpp(55,14): warning C4101: 'ui_Tools': unreferenced local variable
C:\dev\Voxl-Engine\Main.cpp(54,13): warning C4101: 'menuBar': unreferenced local variable
C:\dev\Voxl-Engine\Main.cpp(495,21): warning C4101: 'buttonID': unreferenced local variable
  Texture.cpp
  Generating Code...
  Voxl-Engine.vcxproj -> C:\dev\Voxl-Engine\x64\Debug\Voxl-Engine.exe
